mode: set
github.com/jamesainslie/terraform-provider-dotfiles/internal/utils/testing.go:14.57,15.19 1 1
github.com/jamesainslie/terraform-provider-dotfiles/internal/utils/testing.go:15.19,17.3 1 1
github.com/jamesainslie/terraform-provider-dotfiles/internal/utils/testing.go:20.2,20.37 1 1
github.com/jamesainslie/terraform-provider-dotfiles/internal/utils/testing.go:20.37,22.17 2 1
github.com/jamesainslie/terraform-provider-dotfiles/internal/utils/testing.go:22.17,24.4 1 0
github.com/jamesainslie/terraform-provider-dotfiles/internal/utils/testing.go:25.3,25.32 1 1
github.com/jamesainslie/terraform-provider-dotfiles/internal/utils/testing.go:29.2,30.16 2 1
github.com/jamesainslie/terraform-provider-dotfiles/internal/utils/testing.go:30.16,32.3 1 1
github.com/jamesainslie/terraform-provider-dotfiles/internal/utils/testing.go:33.2,33.31 1 1
github.com/jamesainslie/terraform-provider-dotfiles/internal/utils/testing.go:37.46,39.2 1 1
github.com/jamesainslie/terraform-provider-dotfiles/internal/utils/testing.go:42.35,45.2 2 1
github.com/jamesainslie/terraform-provider-dotfiles/internal/utils/testing.go:48.34,50.16 2 1
github.com/jamesainslie/terraform-provider-dotfiles/internal/utils/testing.go:50.16,52.3 1 1
github.com/jamesainslie/terraform-provider-dotfiles/internal/utils/testing.go:53.2,53.40 1 1
github.com/jamesainslie/terraform-provider-dotfiles/internal/utils/testing.go:57.61,60.16 3 1
github.com/jamesainslie/terraform-provider-dotfiles/internal/utils/testing.go:60.16,62.3 1 0
github.com/jamesainslie/terraform-provider-dotfiles/internal/utils/testing.go:65.2,72.27 2 1
github.com/jamesainslie/terraform-provider-dotfiles/internal/utils/testing.go:72.27,74.17 2 1
github.com/jamesainslie/terraform-provider-dotfiles/internal/utils/testing.go:74.17,76.4 1 0
github.com/jamesainslie/terraform-provider-dotfiles/internal/utils/testing.go:80.2,99.39 2 1
github.com/jamesainslie/terraform-provider-dotfiles/internal/utils/testing.go:99.39,102.17 3 1
github.com/jamesainslie/terraform-provider-dotfiles/internal/utils/testing.go:102.17,104.4 1 0
github.com/jamesainslie/terraform-provider-dotfiles/internal/utils/testing.go:107.2,107.21 1 1
github.com/jamesainslie/terraform-provider-dotfiles/internal/utils/testing.go:111.43,113.2 1 1
github.com/jamesainslie/terraform-provider-dotfiles/internal/utils/testing.go:116.60,118.16 2 1
github.com/jamesainslie/terraform-provider-dotfiles/internal/utils/testing.go:118.16,120.3 1 0
github.com/jamesainslie/terraform-provider-dotfiles/internal/utils/testing.go:122.2,123.16 2 1
github.com/jamesainslie/terraform-provider-dotfiles/internal/utils/testing.go:123.16,125.3 1 1
github.com/jamesainslie/terraform-provider-dotfiles/internal/utils/testing.go:127.2,127.50 1 1
github.com/jamesainslie/terraform-provider-dotfiles/internal/git/operations.go:51.65,54.23 2 1
github.com/jamesainslie/terraform-provider-dotfiles/internal/git/operations.go:54.23,56.17 2 1
github.com/jamesainslie/terraform-provider-dotfiles/internal/git/operations.go:56.17,58.4 1 1
github.com/jamesainslie/terraform-provider-dotfiles/internal/git/operations.go:59.3,59.22 1 1
github.com/jamesainslie/terraform-provider-dotfiles/internal/git/operations.go:62.2,62.21 1 1
github.com/jamesainslie/terraform-provider-dotfiles/internal/git/operations.go:66.38,74.41 2 1
github.com/jamesainslie/terraform-provider-dotfiles/internal/git/operations.go:74.41,76.14 2 1
github.com/jamesainslie/terraform-provider-dotfiles/internal/git/operations.go:76.14,78.4 1 1
github.com/jamesainslie/terraform-provider-dotfiles/internal/git/operations.go:82.2,88.42 2 1
github.com/jamesainslie/terraform-provider-dotfiles/internal/git/operations.go:88.42,90.14 2 1
github.com/jamesainslie/terraform-provider-dotfiles/internal/git/operations.go:90.14,92.4 1 1
github.com/jamesainslie/terraform-provider-dotfiles/internal/git/operations.go:95.2,95.14 1 1
github.com/jamesainslie/terraform-provider-dotfiles/internal/git/operations.go:99.56,101.97 1 1
github.com/jamesainslie/terraform-provider-dotfiles/internal/git/operations.go:101.97,105.38 3 1
github.com/jamesainslie/terraform-provider-dotfiles/internal/git/operations.go:105.38,107.4 1 1
github.com/jamesainslie/terraform-provider-dotfiles/internal/git/operations.go:108.3,108.42 1 1
github.com/jamesainslie/terraform-provider-dotfiles/internal/git/operations.go:112.2,112.103 1 1
github.com/jamesainslie/terraform-provider-dotfiles/internal/git/operations.go:112.103,113.44 1 1
github.com/jamesainslie/terraform-provider-dotfiles/internal/git/operations.go:113.44,115.4 1 1
github.com/jamesainslie/terraform-provider-dotfiles/internal/git/operations.go:118.2,118.23 1 1
github.com/jamesainslie/terraform-provider-dotfiles/internal/git/operations.go:122.119,125.16 2 0
github.com/jamesainslie/terraform-provider-dotfiles/internal/git/operations.go:125.16,127.3 1 0
github.com/jamesainslie/terraform-provider-dotfiles/internal/git/operations.go:130.2,130.67 1 0
github.com/jamesainslie/terraform-provider-dotfiles/internal/git/operations.go:130.67,132.3 1 0
github.com/jamesainslie/terraform-provider-dotfiles/internal/git/operations.go:135.2,143.18 2 0
github.com/jamesainslie/terraform-provider-dotfiles/internal/git/operations.go:143.18,145.3 1 0
github.com/jamesainslie/terraform-provider-dotfiles/internal/git/operations.go:145.8,148.3 1 0
github.com/jamesainslie/terraform-provider-dotfiles/internal/git/operations.go:151.2,152.16 2 0
github.com/jamesainslie/terraform-provider-dotfiles/internal/git/operations.go:152.16,154.3 1 0
github.com/jamesainslie/terraform-provider-dotfiles/internal/git/operations.go:157.2,158.16 2 0
github.com/jamesainslie/terraform-provider-dotfiles/internal/git/operations.go:158.16,160.3 1 0
github.com/jamesainslie/terraform-provider-dotfiles/internal/git/operations.go:162.2,162.18 1 0
github.com/jamesainslie/terraform-provider-dotfiles/internal/git/operations.go:166.103,169.16 2 0
github.com/jamesainslie/terraform-provider-dotfiles/internal/git/operations.go:169.16,171.3 1 0
github.com/jamesainslie/terraform-provider-dotfiles/internal/git/operations.go:174.2,175.16 2 0
github.com/jamesainslie/terraform-provider-dotfiles/internal/git/operations.go:175.16,177.3 1 0
github.com/jamesainslie/terraform-provider-dotfiles/internal/git/operations.go:180.2,186.61 3 0
github.com/jamesainslie/terraform-provider-dotfiles/internal/git/operations.go:186.61,188.3 1 0
github.com/jamesainslie/terraform-provider-dotfiles/internal/git/operations.go:191.2,192.16 2 0
github.com/jamesainslie/terraform-provider-dotfiles/internal/git/operations.go:192.16,194.3 1 0
github.com/jamesainslie/terraform-provider-dotfiles/internal/git/operations.go:196.2,197.35 2 0
github.com/jamesainslie/terraform-provider-dotfiles/internal/git/operations.go:197.35,199.3 1 0
github.com/jamesainslie/terraform-provider-dotfiles/internal/git/operations.go:202.2,203.16 2 0
github.com/jamesainslie/terraform-provider-dotfiles/internal/git/operations.go:203.16,205.3 1 0
github.com/jamesainslie/terraform-provider-dotfiles/internal/git/operations.go:207.2,207.18 1 0
github.com/jamesainslie/terraform-provider-dotfiles/internal/git/operations.go:211.83,213.16 2 0
github.com/jamesainslie/terraform-provider-dotfiles/internal/git/operations.go:213.16,215.3 1 0
github.com/jamesainslie/terraform-provider-dotfiles/internal/git/operations.go:218.2,219.16 2 0
github.com/jamesainslie/terraform-provider-dotfiles/internal/git/operations.go:219.16,221.3 1 0
github.com/jamesainslie/terraform-provider-dotfiles/internal/git/operations.go:223.2,224.35 2 0
github.com/jamesainslie/terraform-provider-dotfiles/internal/git/operations.go:224.35,226.3 1 0
github.com/jamesainslie/terraform-provider-dotfiles/internal/git/operations.go:228.2,228.56 1 0
github.com/jamesainslie/terraform-provider-dotfiles/internal/git/operations.go:232.65,234.16 2 1
github.com/jamesainslie/terraform-provider-dotfiles/internal/git/operations.go:234.16,236.3 1 1
github.com/jamesainslie/terraform-provider-dotfiles/internal/git/operations.go:237.2,237.12 1 1
github.com/jamesainslie/terraform-provider-dotfiles/internal/git/operations.go:241.110,244.16 2 0
github.com/jamesainslie/terraform-provider-dotfiles/internal/git/operations.go:244.16,246.3 1 0
github.com/jamesainslie/terraform-provider-dotfiles/internal/git/operations.go:249.2,250.28 2 0
github.com/jamesainslie/terraform-provider-dotfiles/internal/git/operations.go:250.28,252.3 1 0
github.com/jamesainslie/terraform-provider-dotfiles/internal/git/operations.go:255.2,256.16 2 0
github.com/jamesainslie/terraform-provider-dotfiles/internal/git/operations.go:256.16,258.3 1 0
github.com/jamesainslie/terraform-provider-dotfiles/internal/git/operations.go:260.2,266.8 1 0
github.com/jamesainslie/terraform-provider-dotfiles/internal/git/operations.go:270.76,272.40 1 1
github.com/jamesainslie/terraform-provider-dotfiles/internal/git/operations.go:272.40,274.17 2 1
github.com/jamesainslie/terraform-provider-dotfiles/internal/git/operations.go:274.17,276.4 1 1
github.com/jamesainslie/terraform-provider-dotfiles/internal/git/operations.go:277.3,277.22 1 0
github.com/jamesainslie/terraform-provider-dotfiles/internal/git/operations.go:281.2,281.42 1 1
github.com/jamesainslie/terraform-provider-dotfiles/internal/git/operations.go:281.42,283.21 2 1
github.com/jamesainslie/terraform-provider-dotfiles/internal/git/operations.go:283.21,285.4 1 1
github.com/jamesainslie/terraform-provider-dotfiles/internal/git/operations.go:287.3,290.9 1 1
github.com/jamesainslie/terraform-provider-dotfiles/internal/git/operations.go:294.2,294.17 1 1
github.com/jamesainslie/terraform-provider-dotfiles/internal/git/operations.go:298.67,301.16 2 1
github.com/jamesainslie/terraform-provider-dotfiles/internal/git/operations.go:301.16,303.3 1 0
github.com/jamesainslie/terraform-provider-dotfiles/internal/git/operations.go:306.2,316.48 8 1
github.com/jamesainslie/terraform-provider-dotfiles/main.go:24.13,37.16 6 0
github.com/jamesainslie/terraform-provider-dotfiles/main.go:37.16,39.3 1 0
github.com/jamesainslie/terraform-provider-dotfiles/internal/platform/darwin.go:21.55,23.2 1 1
github.com/jamesainslie/terraform-provider-dotfiles/internal/platform/darwin.go:26.57,28.16 2 1
github.com/jamesainslie/terraform-provider-dotfiles/internal/platform/darwin.go:28.16,30.3 1 0
github.com/jamesainslie/terraform-provider-dotfiles/internal/platform/darwin.go:31.2,31.44 1 1
github.com/jamesainslie/terraform-provider-dotfiles/internal/platform/darwin.go:35.61,37.16 2 1
github.com/jamesainslie/terraform-provider-dotfiles/internal/platform/darwin.go:37.16,39.3 1 0
github.com/jamesainslie/terraform-provider-dotfiles/internal/platform/darwin.go:40.2,40.67 1 1
github.com/jamesainslie/terraform-provider-dotfiles/internal/platform/darwin.go:44.67,46.2 1 1
github.com/jamesainslie/terraform-provider-dotfiles/internal/platform/darwin.go:49.66,50.16 1 1
github.com/jamesainslie/terraform-provider-dotfiles/internal/platform/darwin.go:50.16,52.3 1 1
github.com/jamesainslie/terraform-provider-dotfiles/internal/platform/darwin.go:55.2,55.35 1 1
github.com/jamesainslie/terraform-provider-dotfiles/internal/platform/darwin.go:55.35,57.17 2 1
github.com/jamesainslie/terraform-provider-dotfiles/internal/platform/darwin.go:57.17,59.4 1 0
github.com/jamesainslie/terraform-provider-dotfiles/internal/platform/darwin.go:60.3,60.39 1 1
github.com/jamesainslie/terraform-provider-dotfiles/internal/platform/darwin.go:61.8,61.24 1 1
github.com/jamesainslie/terraform-provider-dotfiles/internal/platform/darwin.go:61.24,63.17 2 1
github.com/jamesainslie/terraform-provider-dotfiles/internal/platform/darwin.go:63.17,65.4 1 0
github.com/jamesainslie/terraform-provider-dotfiles/internal/platform/darwin.go:66.3,66.14 1 1
github.com/jamesainslie/terraform-provider-dotfiles/internal/platform/darwin.go:70.2,74.16 3 1
github.com/jamesainslie/terraform-provider-dotfiles/internal/platform/darwin.go:74.16,76.3 1 0
github.com/jamesainslie/terraform-provider-dotfiles/internal/platform/darwin.go:78.2,78.21 1 1
github.com/jamesainslie/terraform-provider-dotfiles/internal/platform/darwin.go:82.69,85.16 2 1
github.com/jamesainslie/terraform-provider-dotfiles/internal/platform/darwin.go:85.16,87.3 1 0
github.com/jamesainslie/terraform-provider-dotfiles/internal/platform/darwin.go:89.2,90.16 2 1
github.com/jamesainslie/terraform-provider-dotfiles/internal/platform/darwin.go:90.16,92.3 1 0
github.com/jamesainslie/terraform-provider-dotfiles/internal/platform/darwin.go:95.2,95.59 1 1
github.com/jamesainslie/terraform-provider-dotfiles/internal/platform/darwin.go:95.59,97.3 1 1
github.com/jamesainslie/terraform-provider-dotfiles/internal/platform/darwin.go:100.2,101.53 2 1
github.com/jamesainslie/terraform-provider-dotfiles/internal/platform/darwin.go:101.53,103.3 1 0
github.com/jamesainslie/terraform-provider-dotfiles/internal/platform/darwin.go:106.2,106.52 1 1
github.com/jamesainslie/terraform-provider-dotfiles/internal/platform/darwin.go:106.52,107.51 1 0
github.com/jamesainslie/terraform-provider-dotfiles/internal/platform/darwin.go:107.51,109.4 1 0
github.com/jamesainslie/terraform-provider-dotfiles/internal/platform/darwin.go:113.2,113.67 1 1
github.com/jamesainslie/terraform-provider-dotfiles/internal/platform/darwin.go:113.67,115.3 1 0
github.com/jamesainslie/terraform-provider-dotfiles/internal/platform/darwin.go:117.2,117.12 1 1
github.com/jamesainslie/terraform-provider-dotfiles/internal/platform/darwin.go:121.64,124.16 2 1
github.com/jamesainslie/terraform-provider-dotfiles/internal/platform/darwin.go:124.16,126.3 1 0
github.com/jamesainslie/terraform-provider-dotfiles/internal/platform/darwin.go:128.2,129.16 2 1
github.com/jamesainslie/terraform-provider-dotfiles/internal/platform/darwin.go:129.16,131.3 1 0
github.com/jamesainslie/terraform-provider-dotfiles/internal/platform/darwin.go:134.2,135.16 2 1
github.com/jamesainslie/terraform-provider-dotfiles/internal/platform/darwin.go:135.16,137.3 1 1
github.com/jamesainslie/terraform-provider-dotfiles/internal/platform/darwin.go:138.2,142.16 3 1
github.com/jamesainslie/terraform-provider-dotfiles/internal/platform/darwin.go:142.16,144.3 1 0
github.com/jamesainslie/terraform-provider-dotfiles/internal/platform/darwin.go:147.2,148.53 2 1
github.com/jamesainslie/terraform-provider-dotfiles/internal/platform/darwin.go:148.53,150.3 1 0
github.com/jamesainslie/terraform-provider-dotfiles/internal/platform/darwin.go:153.2,154.16 2 1
github.com/jamesainslie/terraform-provider-dotfiles/internal/platform/darwin.go:154.16,156.3 1 0
github.com/jamesainslie/terraform-provider-dotfiles/internal/platform/darwin.go:157.2,160.59 2 1
github.com/jamesainslie/terraform-provider-dotfiles/internal/platform/darwin.go:160.59,162.3 1 0
github.com/jamesainslie/terraform-provider-dotfiles/internal/platform/darwin.go:165.2,165.60 1 1
github.com/jamesainslie/terraform-provider-dotfiles/internal/platform/darwin.go:165.60,167.3 1 0
github.com/jamesainslie/terraform-provider-dotfiles/internal/platform/darwin.go:169.2,169.12 1 1
github.com/jamesainslie/terraform-provider-dotfiles/internal/platform/darwin.go:173.78,175.16 2 1
github.com/jamesainslie/terraform-provider-dotfiles/internal/platform/darwin.go:175.16,177.3 1 0
github.com/jamesainslie/terraform-provider-dotfiles/internal/platform/darwin.go:179.2,179.53 1 1
github.com/jamesainslie/terraform-provider-dotfiles/internal/platform/darwin.go:179.53,181.3 1 1
github.com/jamesainslie/terraform-provider-dotfiles/internal/platform/darwin.go:183.2,183.12 1 0
github.com/jamesainslie/terraform-provider-dotfiles/internal/platform/darwin.go:187.72,189.16 2 1
github.com/jamesainslie/terraform-provider-dotfiles/internal/platform/darwin.go:189.16,191.3 1 0
github.com/jamesainslie/terraform-provider-dotfiles/internal/platform/darwin.go:193.2,193.30 1 1
github.com/jamesainslie/terraform-provider-dotfiles/internal/platform/darwin.go:197.83,211.35 3 1
github.com/jamesainslie/terraform-provider-dotfiles/internal/platform/darwin.go:211.35,212.45 1 1
github.com/jamesainslie/terraform-provider-dotfiles/internal/platform/darwin.go:212.45,215.9 3 0
github.com/jamesainslie/terraform-provider-dotfiles/internal/platform/darwin.go:220.2,220.21 1 1
github.com/jamesainslie/terraform-provider-dotfiles/internal/platform/darwin.go:220.21,221.55 1 1
github.com/jamesainslie/terraform-provider-dotfiles/internal/platform/darwin.go:221.55,224.4 2 1
github.com/jamesainslie/terraform-provider-dotfiles/internal/platform/darwin.go:228.2,228.20 1 1
github.com/jamesainslie/terraform-provider-dotfiles/internal/platform/darwin.go:228.20,230.17 2 1
github.com/jamesainslie/terraform-provider-dotfiles/internal/platform/darwin.go:230.17,231.59 1 1
github.com/jamesainslie/terraform-provider-dotfiles/internal/platform/darwin.go:231.59,233.5 1 1
github.com/jamesainslie/terraform-provider-dotfiles/internal/platform/darwin.go:234.4,234.55 1 1
github.com/jamesainslie/terraform-provider-dotfiles/internal/platform/darwin.go:234.55,236.5 1 1
github.com/jamesainslie/terraform-provider-dotfiles/internal/platform/darwin.go:240.2,240.18 1 1
github.com/jamesainslie/terraform-provider-dotfiles/internal/platform/darwin.go:244.86,248.16 3 1
github.com/jamesainslie/terraform-provider-dotfiles/internal/platform/darwin.go:248.16,250.3 1 0
github.com/jamesainslie/terraform-provider-dotfiles/internal/platform/darwin.go:252.2,253.16 2 1
github.com/jamesainslie/terraform-provider-dotfiles/internal/platform/darwin.go:253.16,255.3 1 0
github.com/jamesainslie/terraform-provider-dotfiles/internal/platform/darwin.go:257.2,258.16 2 1
github.com/jamesainslie/terraform-provider-dotfiles/internal/platform/darwin.go:258.16,260.3 1 0
github.com/jamesainslie/terraform-provider-dotfiles/internal/platform/darwin.go:263.2,269.31 5 1
github.com/jamesainslie/terraform-provider-dotfiles/internal/platform/darwin.go:270.16,272.54 2 0
github.com/jamesainslie/terraform-provider-dotfiles/internal/platform/darwin.go:273.16,275.52 2 0
github.com/jamesainslie/terraform-provider-dotfiles/internal/platform/darwin.go:276.13,277.54 1 1
github.com/jamesainslie/terraform-provider-dotfiles/internal/platform/darwin.go:278.13,279.48 1 1
github.com/jamesainslie/terraform-provider-dotfiles/internal/platform/darwin.go:280.13,281.50 1 0
github.com/jamesainslie/terraform-provider-dotfiles/internal/platform/darwin.go:284.2,284.19 1 1
github.com/jamesainslie/terraform-provider-dotfiles/internal/platform/linux.go:21.54,23.2 1 1
github.com/jamesainslie/terraform-provider-dotfiles/internal/platform/linux.go:26.56,28.66 1 1
github.com/jamesainslie/terraform-provider-dotfiles/internal/platform/linux.go:28.66,30.3 1 0
github.com/jamesainslie/terraform-provider-dotfiles/internal/platform/linux.go:32.2,33.16 2 1
github.com/jamesainslie/terraform-provider-dotfiles/internal/platform/linux.go:33.16,35.3 1 0
github.com/jamesainslie/terraform-provider-dotfiles/internal/platform/linux.go:36.2,36.44 1 1
github.com/jamesainslie/terraform-provider-dotfiles/internal/platform/linux.go:40.60,42.60 1 1
github.com/jamesainslie/terraform-provider-dotfiles/internal/platform/linux.go:42.60,44.3 1 0
github.com/jamesainslie/terraform-provider-dotfiles/internal/platform/linux.go:46.2,47.16 2 1
github.com/jamesainslie/terraform-provider-dotfiles/internal/platform/linux.go:47.16,49.3 1 0
github.com/jamesainslie/terraform-provider-dotfiles/internal/platform/linux.go:50.2,50.52 1 1
github.com/jamesainslie/terraform-provider-dotfiles/internal/platform/linux.go:54.66,56.2 1 1
github.com/jamesainslie/terraform-provider-dotfiles/internal/platform/linux.go:59.65,60.16 1 1
github.com/jamesainslie/terraform-provider-dotfiles/internal/platform/linux.go:60.16,62.3 1 1
github.com/jamesainslie/terraform-provider-dotfiles/internal/platform/linux.go:65.2,65.35 1 1
github.com/jamesainslie/terraform-provider-dotfiles/internal/platform/linux.go:65.35,67.17 2 1
github.com/jamesainslie/terraform-provider-dotfiles/internal/platform/linux.go:67.17,69.4 1 0
github.com/jamesainslie/terraform-provider-dotfiles/internal/platform/linux.go:70.3,70.39 1 1
github.com/jamesainslie/terraform-provider-dotfiles/internal/platform/linux.go:71.8,71.24 1 1
github.com/jamesainslie/terraform-provider-dotfiles/internal/platform/linux.go:71.24,73.17 2 1
github.com/jamesainslie/terraform-provider-dotfiles/internal/platform/linux.go:73.17,75.4 1 0
github.com/jamesainslie/terraform-provider-dotfiles/internal/platform/linux.go:76.3,76.14 1 1
github.com/jamesainslie/terraform-provider-dotfiles/internal/platform/linux.go:80.2,84.16 3 1
github.com/jamesainslie/terraform-provider-dotfiles/internal/platform/linux.go:84.16,86.3 1 0
github.com/jamesainslie/terraform-provider-dotfiles/internal/platform/linux.go:88.2,88.21 1 1
github.com/jamesainslie/terraform-provider-dotfiles/internal/platform/linux.go:92.68,95.16 2 0
github.com/jamesainslie/terraform-provider-dotfiles/internal/platform/linux.go:95.16,97.3 1 0
github.com/jamesainslie/terraform-provider-dotfiles/internal/platform/linux.go:99.2,100.16 2 0
github.com/jamesainslie/terraform-provider-dotfiles/internal/platform/linux.go:100.16,102.3 1 0
github.com/jamesainslie/terraform-provider-dotfiles/internal/platform/linux.go:105.2,105.59 1 0
github.com/jamesainslie/terraform-provider-dotfiles/internal/platform/linux.go:105.59,107.3 1 0
github.com/jamesainslie/terraform-provider-dotfiles/internal/platform/linux.go:110.2,111.53 2 0
github.com/jamesainslie/terraform-provider-dotfiles/internal/platform/linux.go:111.53,113.3 1 0
github.com/jamesainslie/terraform-provider-dotfiles/internal/platform/linux.go:116.2,116.52 1 0
github.com/jamesainslie/terraform-provider-dotfiles/internal/platform/linux.go:116.52,117.51 1 0
github.com/jamesainslie/terraform-provider-dotfiles/internal/platform/linux.go:117.51,119.4 1 0
github.com/jamesainslie/terraform-provider-dotfiles/internal/platform/linux.go:123.2,123.67 1 0
github.com/jamesainslie/terraform-provider-dotfiles/internal/platform/linux.go:123.67,125.3 1 0
github.com/jamesainslie/terraform-provider-dotfiles/internal/platform/linux.go:127.2,127.12 1 0
github.com/jamesainslie/terraform-provider-dotfiles/internal/platform/linux.go:131.63,134.16 2 0
github.com/jamesainslie/terraform-provider-dotfiles/internal/platform/linux.go:134.16,136.3 1 0
github.com/jamesainslie/terraform-provider-dotfiles/internal/platform/linux.go:138.2,139.16 2 0
github.com/jamesainslie/terraform-provider-dotfiles/internal/platform/linux.go:139.16,141.3 1 0
github.com/jamesainslie/terraform-provider-dotfiles/internal/platform/linux.go:144.2,145.16 2 0
github.com/jamesainslie/terraform-provider-dotfiles/internal/platform/linux.go:145.16,147.3 1 0
github.com/jamesainslie/terraform-provider-dotfiles/internal/platform/linux.go:148.2,152.16 3 0
github.com/jamesainslie/terraform-provider-dotfiles/internal/platform/linux.go:152.16,154.3 1 0
github.com/jamesainslie/terraform-provider-dotfiles/internal/platform/linux.go:157.2,158.53 2 0
github.com/jamesainslie/terraform-provider-dotfiles/internal/platform/linux.go:158.53,160.3 1 0
github.com/jamesainslie/terraform-provider-dotfiles/internal/platform/linux.go:163.2,164.16 2 0
github.com/jamesainslie/terraform-provider-dotfiles/internal/platform/linux.go:164.16,166.3 1 0
github.com/jamesainslie/terraform-provider-dotfiles/internal/platform/linux.go:167.2,170.59 2 0
github.com/jamesainslie/terraform-provider-dotfiles/internal/platform/linux.go:170.59,172.3 1 0
github.com/jamesainslie/terraform-provider-dotfiles/internal/platform/linux.go:175.2,175.60 1 0
github.com/jamesainslie/terraform-provider-dotfiles/internal/platform/linux.go:175.60,177.3 1 0
github.com/jamesainslie/terraform-provider-dotfiles/internal/platform/linux.go:179.2,179.12 1 0
github.com/jamesainslie/terraform-provider-dotfiles/internal/platform/linux.go:183.77,185.16 2 0
github.com/jamesainslie/terraform-provider-dotfiles/internal/platform/linux.go:185.16,187.3 1 0
github.com/jamesainslie/terraform-provider-dotfiles/internal/platform/linux.go:189.2,189.53 1 0
github.com/jamesainslie/terraform-provider-dotfiles/internal/platform/linux.go:189.53,191.3 1 0
github.com/jamesainslie/terraform-provider-dotfiles/internal/platform/linux.go:193.2,193.12 1 0
github.com/jamesainslie/terraform-provider-dotfiles/internal/platform/linux.go:197.71,199.16 2 0
github.com/jamesainslie/terraform-provider-dotfiles/internal/platform/linux.go:199.16,201.3 1 0
github.com/jamesainslie/terraform-provider-dotfiles/internal/platform/linux.go:203.2,203.30 1 0
github.com/jamesainslie/terraform-provider-dotfiles/internal/platform/linux.go:207.82,214.54 2 0
github.com/jamesainslie/terraform-provider-dotfiles/internal/platform/linux.go:214.54,217.3 2 0
github.com/jamesainslie/terraform-provider-dotfiles/internal/platform/linux.go:220.2,220.21 1 0
github.com/jamesainslie/terraform-provider-dotfiles/internal/platform/linux.go:220.21,230.36 2 0
github.com/jamesainslie/terraform-provider-dotfiles/internal/platform/linux.go:230.36,231.46 1 0
github.com/jamesainslie/terraform-provider-dotfiles/internal/platform/linux.go:231.46,234.10 3 0
github.com/jamesainslie/terraform-provider-dotfiles/internal/platform/linux.go:240.2,240.20 1 0
github.com/jamesainslie/terraform-provider-dotfiles/internal/platform/linux.go:240.20,242.17 2 0
github.com/jamesainslie/terraform-provider-dotfiles/internal/platform/linux.go:242.17,243.59 1 0
github.com/jamesainslie/terraform-provider-dotfiles/internal/platform/linux.go:243.59,245.5 1 0
github.com/jamesainslie/terraform-provider-dotfiles/internal/platform/linux.go:246.4,246.55 1 0
github.com/jamesainslie/terraform-provider-dotfiles/internal/platform/linux.go:246.55,248.5 1 0
github.com/jamesainslie/terraform-provider-dotfiles/internal/platform/linux.go:252.2,252.18 1 0
github.com/jamesainslie/terraform-provider-dotfiles/internal/platform/linux.go:256.85,260.16 3 0
github.com/jamesainslie/terraform-provider-dotfiles/internal/platform/linux.go:260.16,262.3 1 0
github.com/jamesainslie/terraform-provider-dotfiles/internal/platform/linux.go:264.2,265.16 2 0
github.com/jamesainslie/terraform-provider-dotfiles/internal/platform/linux.go:265.16,267.3 1 0
github.com/jamesainslie/terraform-provider-dotfiles/internal/platform/linux.go:269.2,270.16 2 0
github.com/jamesainslie/terraform-provider-dotfiles/internal/platform/linux.go:270.16,272.3 1 0
github.com/jamesainslie/terraform-provider-dotfiles/internal/platform/linux.go:275.2,276.20 2 0
github.com/jamesainslie/terraform-provider-dotfiles/internal/platform/linux.go:276.20,278.3 1 0
github.com/jamesainslie/terraform-provider-dotfiles/internal/platform/linux.go:281.2,286.31 4 0
github.com/jamesainslie/terraform-provider-dotfiles/internal/platform/linux.go:287.16,289.48 2 0
github.com/jamesainslie/terraform-provider-dotfiles/internal/platform/linux.go:290.24,292.46 2 0
github.com/jamesainslie/terraform-provider-dotfiles/internal/platform/linux.go:293.13,294.54 1 0
github.com/jamesainslie/terraform-provider-dotfiles/internal/platform/linux.go:295.13,296.48 1 0
github.com/jamesainslie/terraform-provider-dotfiles/internal/platform/linux.go:297.13,298.50 1 0
github.com/jamesainslie/terraform-provider-dotfiles/internal/platform/linux.go:299.14,300.50 1 0
github.com/jamesainslie/terraform-provider-dotfiles/internal/platform/linux.go:301.13,302.50 1 0
github.com/jamesainslie/terraform-provider-dotfiles/internal/platform/linux.go:303.14,304.51 1 0
github.com/jamesainslie/terraform-provider-dotfiles/internal/platform/linux.go:305.13,306.50 1 0
github.com/jamesainslie/terraform-provider-dotfiles/internal/platform/linux.go:307.24,308.50 1 0
github.com/jamesainslie/terraform-provider-dotfiles/internal/platform/linux.go:311.2,311.19 1 0
github.com/jamesainslie/terraform-provider-dotfiles/internal/platform/platform.go:56.45,58.2 1 1
github.com/jamesainslie/terraform-provider-dotfiles/internal/platform/platform.go:61.49,63.2 1 1
github.com/jamesainslie/terraform-provider-dotfiles/internal/platform/platform.go:66.50,67.29 1 1
github.com/jamesainslie/terraform-provider-dotfiles/internal/platform/platform.go:67.29,69.3 1 1
github.com/jamesainslie/terraform-provider-dotfiles/internal/platform/platform.go:70.2,70.12 1 1
github.com/jamesainslie/terraform-provider-dotfiles/internal/platform/platform.go:74.40,75.22 1 1
github.com/jamesainslie/terraform-provider-dotfiles/internal/platform/platform.go:76.16,77.88 1 1
github.com/jamesainslie/terraform-provider-dotfiles/internal/platform/platform.go:78.15,79.87 1 0
github.com/jamesainslie/terraform-provider-dotfiles/internal/platform/platform.go:80.17,81.91 1 0
github.com/jamesainslie/terraform-provider-dotfiles/internal/platform/platform.go:82.10,84.92 1 0
github.com/jamesainslie/terraform-provider-dotfiles/internal/platform/windows.go:21.56,23.2 1 1
github.com/jamesainslie/terraform-provider-dotfiles/internal/platform/windows.go:26.58,28.19 2 1
github.com/jamesainslie/terraform-provider-dotfiles/internal/platform/windows.go:28.19,30.3 1 0
github.com/jamesainslie/terraform-provider-dotfiles/internal/platform/windows.go:32.2,33.16 2 1
github.com/jamesainslie/terraform-provider-dotfiles/internal/platform/windows.go:33.16,35.3 1 0
github.com/jamesainslie/terraform-provider-dotfiles/internal/platform/windows.go:36.2,36.55 1 1
github.com/jamesainslie/terraform-provider-dotfiles/internal/platform/windows.go:40.62,42.2 1 1
github.com/jamesainslie/terraform-provider-dotfiles/internal/platform/windows.go:45.68,47.2 1 1
github.com/jamesainslie/terraform-provider-dotfiles/internal/platform/windows.go:50.67,51.16 1 1
github.com/jamesainslie/terraform-provider-dotfiles/internal/platform/windows.go:51.16,53.3 1 1
github.com/jamesainslie/terraform-provider-dotfiles/internal/platform/windows.go:56.2,56.69 1 1
github.com/jamesainslie/terraform-provider-dotfiles/internal/platform/windows.go:56.69,58.17 2 1
github.com/jamesainslie/terraform-provider-dotfiles/internal/platform/windows.go:58.17,60.4 1 0
github.com/jamesainslie/terraform-provider-dotfiles/internal/platform/windows.go:61.3,61.39 1 1
github.com/jamesainslie/terraform-provider-dotfiles/internal/platform/windows.go:62.8,62.24 1 1
github.com/jamesainslie/terraform-provider-dotfiles/internal/platform/windows.go:62.24,64.17 2 1
github.com/jamesainslie/terraform-provider-dotfiles/internal/platform/windows.go:64.17,66.4 1 0
github.com/jamesainslie/terraform-provider-dotfiles/internal/platform/windows.go:67.3,67.14 1 1
github.com/jamesainslie/terraform-provider-dotfiles/internal/platform/windows.go:71.2,75.16 3 1
github.com/jamesainslie/terraform-provider-dotfiles/internal/platform/windows.go:75.16,77.3 1 0
github.com/jamesainslie/terraform-provider-dotfiles/internal/platform/windows.go:79.2,79.41 1 1
github.com/jamesainslie/terraform-provider-dotfiles/internal/platform/windows.go:83.70,86.16 2 0
github.com/jamesainslie/terraform-provider-dotfiles/internal/platform/windows.go:86.16,88.3 1 0
github.com/jamesainslie/terraform-provider-dotfiles/internal/platform/windows.go:90.2,91.16 2 0
github.com/jamesainslie/terraform-provider-dotfiles/internal/platform/windows.go:91.16,93.3 1 0
github.com/jamesainslie/terraform-provider-dotfiles/internal/platform/windows.go:96.2,97.24 2 0
github.com/jamesainslie/terraform-provider-dotfiles/internal/platform/windows.go:97.24,99.3 1 0
github.com/jamesainslie/terraform-provider-dotfiles/internal/platform/windows.go:102.2,103.53 2 0
github.com/jamesainslie/terraform-provider-dotfiles/internal/platform/windows.go:103.53,105.3 1 0
github.com/jamesainslie/terraform-provider-dotfiles/internal/platform/windows.go:108.2,108.52 1 0
github.com/jamesainslie/terraform-provider-dotfiles/internal/platform/windows.go:108.52,109.51 1 0
github.com/jamesainslie/terraform-provider-dotfiles/internal/platform/windows.go:109.51,111.4 1 0
github.com/jamesainslie/terraform-provider-dotfiles/internal/platform/windows.go:116.2,116.67 1 0
github.com/jamesainslie/terraform-provider-dotfiles/internal/platform/windows.go:116.67,120.3 2 0
github.com/jamesainslie/terraform-provider-dotfiles/internal/platform/windows.go:123.2,123.24 1 0
github.com/jamesainslie/terraform-provider-dotfiles/internal/platform/windows.go:123.25,126.3 0 0
github.com/jamesainslie/terraform-provider-dotfiles/internal/platform/windows.go:128.2,128.12 1 0
github.com/jamesainslie/terraform-provider-dotfiles/internal/platform/windows.go:132.65,135.16 2 0
github.com/jamesainslie/terraform-provider-dotfiles/internal/platform/windows.go:135.16,137.3 1 0
github.com/jamesainslie/terraform-provider-dotfiles/internal/platform/windows.go:139.2,140.16 2 0
github.com/jamesainslie/terraform-provider-dotfiles/internal/platform/windows.go:140.16,142.3 1 0
github.com/jamesainslie/terraform-provider-dotfiles/internal/platform/windows.go:145.2,146.16 2 0
github.com/jamesainslie/terraform-provider-dotfiles/internal/platform/windows.go:146.16,148.3 1 0
github.com/jamesainslie/terraform-provider-dotfiles/internal/platform/windows.go:149.2,153.16 3 0
github.com/jamesainslie/terraform-provider-dotfiles/internal/platform/windows.go:153.16,155.3 1 0
github.com/jamesainslie/terraform-provider-dotfiles/internal/platform/windows.go:158.2,159.53 2 0
github.com/jamesainslie/terraform-provider-dotfiles/internal/platform/windows.go:159.53,161.3 1 0
github.com/jamesainslie/terraform-provider-dotfiles/internal/platform/windows.go:164.2,165.16 2 0
github.com/jamesainslie/terraform-provider-dotfiles/internal/platform/windows.go:165.16,167.3 1 0
github.com/jamesainslie/terraform-provider-dotfiles/internal/platform/windows.go:168.2,171.59 2 0
github.com/jamesainslie/terraform-provider-dotfiles/internal/platform/windows.go:171.59,173.3 1 0
github.com/jamesainslie/terraform-provider-dotfiles/internal/platform/windows.go:176.2,176.60 1 0
github.com/jamesainslie/terraform-provider-dotfiles/internal/platform/windows.go:176.60,179.3 1 0
github.com/jamesainslie/terraform-provider-dotfiles/internal/platform/windows.go:181.2,181.12 1 0
github.com/jamesainslie/terraform-provider-dotfiles/internal/platform/windows.go:185.79,187.16 2 0
github.com/jamesainslie/terraform-provider-dotfiles/internal/platform/windows.go:187.16,189.3 1 0
github.com/jamesainslie/terraform-provider-dotfiles/internal/platform/windows.go:193.2,193.53 1 0
github.com/jamesainslie/terraform-provider-dotfiles/internal/platform/windows.go:193.53,196.3 1 0
github.com/jamesainslie/terraform-provider-dotfiles/internal/platform/windows.go:198.2,198.12 1 0
github.com/jamesainslie/terraform-provider-dotfiles/internal/platform/windows.go:202.73,204.16 2 0
github.com/jamesainslie/terraform-provider-dotfiles/internal/platform/windows.go:204.16,206.3 1 0
github.com/jamesainslie/terraform-provider-dotfiles/internal/platform/windows.go:208.2,208.30 1 0
github.com/jamesainslie/terraform-provider-dotfiles/internal/platform/windows.go:212.84,219.63 2 0
github.com/jamesainslie/terraform-provider-dotfiles/internal/platform/windows.go:219.63,222.3 2 0
github.com/jamesainslie/terraform-provider-dotfiles/internal/platform/windows.go:222.8,222.61 1 0
github.com/jamesainslie/terraform-provider-dotfiles/internal/platform/windows.go:222.61,225.3 2 0
github.com/jamesainslie/terraform-provider-dotfiles/internal/platform/windows.go:228.2,228.21 1 0
github.com/jamesainslie/terraform-provider-dotfiles/internal/platform/windows.go:228.21,233.25 4 0
github.com/jamesainslie/terraform-provider-dotfiles/internal/platform/windows.go:233.25,238.4 1 0
github.com/jamesainslie/terraform-provider-dotfiles/internal/platform/windows.go:239.3,239.28 1 0
github.com/jamesainslie/terraform-provider-dotfiles/internal/platform/windows.go:239.28,244.4 1 0
github.com/jamesainslie/terraform-provider-dotfiles/internal/platform/windows.go:246.3,246.38 1 0
github.com/jamesainslie/terraform-provider-dotfiles/internal/platform/windows.go:246.38,247.46 1 0
github.com/jamesainslie/terraform-provider-dotfiles/internal/platform/windows.go:247.46,250.10 3 0
github.com/jamesainslie/terraform-provider-dotfiles/internal/platform/windows.go:256.2,256.20 1 0
github.com/jamesainslie/terraform-provider-dotfiles/internal/platform/windows.go:256.20,258.17 2 0
github.com/jamesainslie/terraform-provider-dotfiles/internal/platform/windows.go:258.17,259.59 1 0
github.com/jamesainslie/terraform-provider-dotfiles/internal/platform/windows.go:259.59,261.5 1 0
github.com/jamesainslie/terraform-provider-dotfiles/internal/platform/windows.go:262.4,262.55 1 0
github.com/jamesainslie/terraform-provider-dotfiles/internal/platform/windows.go:262.55,264.5 1 0
github.com/jamesainslie/terraform-provider-dotfiles/internal/platform/windows.go:268.2,268.18 1 0
github.com/jamesainslie/terraform-provider-dotfiles/internal/platform/windows.go:272.87,276.16 3 0
github.com/jamesainslie/terraform-provider-dotfiles/internal/platform/windows.go:276.16,278.3 1 0
github.com/jamesainslie/terraform-provider-dotfiles/internal/platform/windows.go:280.2,281.16 2 0
github.com/jamesainslie/terraform-provider-dotfiles/internal/platform/windows.go:281.16,283.3 1 0
github.com/jamesainslie/terraform-provider-dotfiles/internal/platform/windows.go:285.2,286.24 2 0
github.com/jamesainslie/terraform-provider-dotfiles/internal/platform/windows.go:286.24,288.3 1 0
github.com/jamesainslie/terraform-provider-dotfiles/internal/platform/windows.go:291.2,296.31 4 0
github.com/jamesainslie/terraform-provider-dotfiles/internal/platform/windows.go:297.16,299.56 2 0
github.com/jamesainslie/terraform-provider-dotfiles/internal/platform/windows.go:300.24,302.54 2 0
github.com/jamesainslie/terraform-provider-dotfiles/internal/platform/windows.go:303.13,304.54 1 0
github.com/jamesainslie/terraform-provider-dotfiles/internal/platform/windows.go:305.13,306.48 1 0
github.com/jamesainslie/terraform-provider-dotfiles/internal/platform/windows.go:307.13,308.52 1 0
github.com/jamesainslie/terraform-provider-dotfiles/internal/platform/windows.go:309.20,310.67 1 0
github.com/jamesainslie/terraform-provider-dotfiles/internal/platform/windows.go:313.2,313.19 1 0
github.com/jamesainslie/terraform-provider-dotfiles/internal/provider/client.go:23.73,30.66 2 1
github.com/jamesainslie/terraform-provider-dotfiles/internal/provider/client.go:30.66,32.3 1 1
github.com/jamesainslie/terraform-provider-dotfiles/internal/provider/client.go:32.8,34.3 1 1
github.com/jamesainslie/terraform-provider-dotfiles/internal/provider/client.go:37.2,38.16 2 1
github.com/jamesainslie/terraform-provider-dotfiles/internal/provider/client.go:38.16,40.3 1 0
github.com/jamesainslie/terraform-provider-dotfiles/internal/provider/client.go:41.2,45.16 3 1
github.com/jamesainslie/terraform-provider-dotfiles/internal/provider/client.go:45.16,47.3 1 0
github.com/jamesainslie/terraform-provider-dotfiles/internal/provider/client.go:48.2,50.20 2 1
github.com/jamesainslie/terraform-provider-dotfiles/internal/provider/client.go:54.30,55.22 1 1
github.com/jamesainslie/terraform-provider-dotfiles/internal/provider/client.go:56.16,57.17 1 1
github.com/jamesainslie/terraform-provider-dotfiles/internal/provider/client.go:58.15,59.17 1 0
github.com/jamesainslie/terraform-provider-dotfiles/internal/provider/client.go:60.17,61.19 1 0
github.com/jamesainslie/terraform-provider-dotfiles/internal/provider/client.go:62.10,63.22 1 0
github.com/jamesainslie/terraform-provider-dotfiles/internal/provider/client.go:68.35,72.2 1 1
github.com/jamesainslie/terraform-provider-dotfiles/internal/provider/client.go:75.61,76.18 1 1
github.com/jamesainslie/terraform-provider-dotfiles/internal/provider/client.go:77.24,78.48 1 1
github.com/jamesainslie/terraform-provider-dotfiles/internal/provider/client.go:79.17,81.20 2 1
github.com/jamesainslie/terraform-provider-dotfiles/internal/provider/client.go:81.20,83.4 1 1
github.com/jamesainslie/terraform-provider-dotfiles/internal/provider/client.go:84.3,84.59 1 1
github.com/jamesainslie/terraform-provider-dotfiles/internal/provider/client.go:85.10,86.48 1 0
github.com/jamesainslie/terraform-provider-dotfiles/internal/provider/client.go:91.67,98.2 1 1
github.com/jamesainslie/terraform-provider-dotfiles/internal/provider/config.go:29.43,33.22 2 1
github.com/jamesainslie/terraform-provider-dotfiles/internal/provider/config.go:33.22,35.3 1 1
github.com/jamesainslie/terraform-provider-dotfiles/internal/provider/config.go:36.2,36.32 1 1
github.com/jamesainslie/terraform-provider-dotfiles/internal/provider/config.go:36.32,38.3 1 1
github.com/jamesainslie/terraform-provider-dotfiles/internal/provider/config.go:39.2,39.28 1 1
github.com/jamesainslie/terraform-provider-dotfiles/internal/provider/config.go:39.28,41.3 1 1
github.com/jamesainslie/terraform-provider-dotfiles/internal/provider/config.go:42.2,42.28 1 1
github.com/jamesainslie/terraform-provider-dotfiles/internal/provider/config.go:42.28,44.3 1 1
github.com/jamesainslie/terraform-provider-dotfiles/internal/provider/config.go:45.2,45.22 1 1
github.com/jamesainslie/terraform-provider-dotfiles/internal/provider/config.go:45.22,47.3 1 1
github.com/jamesainslie/terraform-provider-dotfiles/internal/provider/config.go:50.2,50.26 1 1
github.com/jamesainslie/terraform-provider-dotfiles/internal/provider/config.go:50.26,52.3 1 1
github.com/jamesainslie/terraform-provider-dotfiles/internal/provider/config.go:52.8,54.45 1 1
github.com/jamesainslie/terraform-provider-dotfiles/internal/provider/config.go:54.45,56.18 2 1
github.com/jamesainslie/terraform-provider-dotfiles/internal/provider/config.go:56.18,58.5 1 0
github.com/jamesainslie/terraform-provider-dotfiles/internal/provider/config.go:58.10,60.5 1 1
github.com/jamesainslie/terraform-provider-dotfiles/internal/provider/config.go:64.3,65.17 2 1
github.com/jamesainslie/terraform-provider-dotfiles/internal/provider/config.go:65.17,67.4 1 0
github.com/jamesainslie/terraform-provider-dotfiles/internal/provider/config.go:67.9,69.4 1 1
github.com/jamesainslie/terraform-provider-dotfiles/internal/provider/config.go:73.2,73.48 1 1
github.com/jamesainslie/terraform-provider-dotfiles/internal/provider/config.go:73.48,74.48 1 1
github.com/jamesainslie/terraform-provider-dotfiles/internal/provider/config.go:74.48,76.18 2 1
github.com/jamesainslie/terraform-provider-dotfiles/internal/provider/config.go:76.18,78.5 1 0
github.com/jamesainslie/terraform-provider-dotfiles/internal/provider/config.go:78.10,80.5 1 1
github.com/jamesainslie/terraform-provider-dotfiles/internal/provider/config.go:83.3,84.17 2 1
github.com/jamesainslie/terraform-provider-dotfiles/internal/provider/config.go:84.17,86.4 1 0
github.com/jamesainslie/terraform-provider-dotfiles/internal/provider/config.go:86.9,88.4 1 1
github.com/jamesainslie/terraform-provider-dotfiles/internal/provider/config.go:92.2,93.44 2 1
github.com/jamesainslie/terraform-provider-dotfiles/internal/provider/config.go:93.44,95.3 1 1
github.com/jamesainslie/terraform-provider-dotfiles/internal/provider/config.go:98.2,99.63 2 1
github.com/jamesainslie/terraform-provider-dotfiles/internal/provider/config.go:99.63,101.3 1 1
github.com/jamesainslie/terraform-provider-dotfiles/internal/provider/config.go:104.2,105.49 2 1
github.com/jamesainslie/terraform-provider-dotfiles/internal/provider/config.go:105.49,107.3 1 1
github.com/jamesainslie/terraform-provider-dotfiles/internal/provider/config.go:110.2,111.47 2 1
github.com/jamesainslie/terraform-provider-dotfiles/internal/provider/config.go:111.47,113.3 1 1
github.com/jamesainslie/terraform-provider-dotfiles/internal/provider/config.go:116.2,117.43 2 1
github.com/jamesainslie/terraform-provider-dotfiles/internal/provider/config.go:117.43,119.3 1 1
github.com/jamesainslie/terraform-provider-dotfiles/internal/provider/config.go:121.2,121.19 1 1
github.com/jamesainslie/terraform-provider-dotfiles/internal/provider/config.go:121.19,123.3 1 1
github.com/jamesainslie/terraform-provider-dotfiles/internal/provider/config.go:125.2,125.12 1 1
github.com/jamesainslie/terraform-provider-dotfiles/internal/provider/config.go:129.49,130.26 1 1
github.com/jamesainslie/terraform-provider-dotfiles/internal/provider/config.go:130.26,131.16 1 1
github.com/jamesainslie/terraform-provider-dotfiles/internal/provider/config.go:131.16,133.4 1 1
github.com/jamesainslie/terraform-provider-dotfiles/internal/provider/config.go:135.2,135.14 1 1
github.com/jamesainslie/terraform-provider-dotfiles/internal/provider/directory_resource.go:16.47,18.2 1 1
github.com/jamesainslie/terraform-provider-dotfiles/internal/provider/directory_resource.go:34.122,36.2 1 1
github.com/jamesainslie/terraform-provider-dotfiles/internal/provider/directory_resource.go:38.116,72.2 1 1
github.com/jamesainslie/terraform-provider-dotfiles/internal/provider/directory_resource.go:74.125,75.29 1 1
github.com/jamesainslie/terraform-provider-dotfiles/internal/provider/directory_resource.go:75.29,77.3 1 1
github.com/jamesainslie/terraform-provider-dotfiles/internal/provider/directory_resource.go:78.2,79.9 2 1
github.com/jamesainslie/terraform-provider-dotfiles/internal/provider/directory_resource.go:79.9,82.3 2 1
github.com/jamesainslie/terraform-provider-dotfiles/internal/provider/directory_resource.go:83.2,83.19 1 1
github.com/jamesainslie/terraform-provider-dotfiles/internal/provider/directory_resource.go:86.116,89.33 3 0
github.com/jamesainslie/terraform-provider-dotfiles/internal/provider/directory_resource.go:89.33,91.3 1 0
github.com/jamesainslie/terraform-provider-dotfiles/internal/provider/directory_resource.go:92.2,93.56 2 0
github.com/jamesainslie/terraform-provider-dotfiles/internal/provider/directory_resource.go:96.110,99.33 3 0
github.com/jamesainslie/terraform-provider-dotfiles/internal/provider/directory_resource.go:99.33,101.3 1 0
github.com/jamesainslie/terraform-provider-dotfiles/internal/provider/directory_resource.go:102.2,102.56 1 0
github.com/jamesainslie/terraform-provider-dotfiles/internal/provider/directory_resource.go:105.116,108.33 3 0
github.com/jamesainslie/terraform-provider-dotfiles/internal/provider/directory_resource.go:108.33,110.3 1 0
github.com/jamesainslie/terraform-provider-dotfiles/internal/provider/directory_resource.go:111.2,111.56 1 0
github.com/jamesainslie/terraform-provider-dotfiles/internal/provider/directory_resource.go:114.117,116.2 0 0
github.com/jamesainslie/terraform-provider-dotfiles/internal/provider/file_info_data_source.go:16.52,18.2 1 1
github.com/jamesainslie/terraform-provider-dotfiles/internal/provider/file_info_data_source.go:33.127,35.2 1 1
github.com/jamesainslie/terraform-provider-dotfiles/internal/provider/file_info_data_source.go:37.121,67.2 1 1
github.com/jamesainslie/terraform-provider-dotfiles/internal/provider/file_info_data_source.go:69.130,70.29 1 1
github.com/jamesainslie/terraform-provider-dotfiles/internal/provider/file_info_data_source.go:70.29,72.3 1 1
github.com/jamesainslie/terraform-provider-dotfiles/internal/provider/file_info_data_source.go:73.2,74.9 2 1
github.com/jamesainslie/terraform-provider-dotfiles/internal/provider/file_info_data_source.go:74.9,77.3 2 1
github.com/jamesainslie/terraform-provider-dotfiles/internal/provider/file_info_data_source.go:78.2,78.19 1 1
github.com/jamesainslie/terraform-provider-dotfiles/internal/provider/file_info_data_source.go:81.115,85.33 3 0
github.com/jamesainslie/terraform-provider-dotfiles/internal/provider/file_info_data_source.go:85.33,87.3 1 0
github.com/jamesainslie/terraform-provider-dotfiles/internal/provider/file_info_data_source.go:90.2,96.56 6 0
github.com/jamesainslie/terraform-provider-dotfiles/internal/provider/file_resource.go:17.42,19.2 1 1
github.com/jamesainslie/terraform-provider-dotfiles/internal/provider/file_resource.go:38.117,40.2 1 1
github.com/jamesainslie/terraform-provider-dotfiles/internal/provider/file_resource.go:42.111,80.2 1 1
github.com/jamesainslie/terraform-provider-dotfiles/internal/provider/file_resource.go:82.120,83.29 1 1
github.com/jamesainslie/terraform-provider-dotfiles/internal/provider/file_resource.go:83.29,85.3 1 1
github.com/jamesainslie/terraform-provider-dotfiles/internal/provider/file_resource.go:87.2,88.9 2 1
github.com/jamesainslie/terraform-provider-dotfiles/internal/provider/file_resource.go:88.9,94.3 2 1
github.com/jamesainslie/terraform-provider-dotfiles/internal/provider/file_resource.go:96.2,96.19 1 1
github.com/jamesainslie/terraform-provider-dotfiles/internal/provider/file_resource.go:99.111,103.33 3 0
github.com/jamesainslie/terraform-provider-dotfiles/internal/provider/file_resource.go:103.33,105.3 1 0
github.com/jamesainslie/terraform-provider-dotfiles/internal/provider/file_resource.go:108.2,110.56 2 0
github.com/jamesainslie/terraform-provider-dotfiles/internal/provider/file_resource.go:113.105,117.33 3 0
github.com/jamesainslie/terraform-provider-dotfiles/internal/provider/file_resource.go:117.33,119.3 1 0
github.com/jamesainslie/terraform-provider-dotfiles/internal/provider/file_resource.go:122.2,122.56 1 0
github.com/jamesainslie/terraform-provider-dotfiles/internal/provider/file_resource.go:125.111,129.33 3 0
github.com/jamesainslie/terraform-provider-dotfiles/internal/provider/file_resource.go:129.33,131.3 1 0
github.com/jamesainslie/terraform-provider-dotfiles/internal/provider/file_resource.go:134.2,134.56 1 0
github.com/jamesainslie/terraform-provider-dotfiles/internal/provider/file_resource.go:137.112,139.2 0 0
github.com/jamesainslie/terraform-provider-dotfiles/internal/provider/provider.go:46.121,49.2 2 1
github.com/jamesainslie/terraform-provider-dotfiles/internal/provider/provider.go:51.115,97.2 1 1
github.com/jamesainslie/terraform-provider-dotfiles/internal/provider/provider.go:99.124,103.33 3 0
github.com/jamesainslie/terraform-provider-dotfiles/internal/provider/provider.go:103.33,105.3 1 0
github.com/jamesainslie/terraform-provider-dotfiles/internal/provider/provider.go:108.2,111.33 2 0
github.com/jamesainslie/terraform-provider-dotfiles/internal/provider/provider.go:111.33,113.3 1 0
github.com/jamesainslie/terraform-provider-dotfiles/internal/provider/provider.go:113.8,115.17 2 0
github.com/jamesainslie/terraform-provider-dotfiles/internal/provider/provider.go:115.17,121.4 2 0
github.com/jamesainslie/terraform-provider-dotfiles/internal/provider/provider.go:122.3,122.59 1 0
github.com/jamesainslie/terraform-provider-dotfiles/internal/provider/provider.go:125.2,125.34 1 0
github.com/jamesainslie/terraform-provider-dotfiles/internal/provider/provider.go:125.34,127.3 1 0
github.com/jamesainslie/terraform-provider-dotfiles/internal/provider/provider.go:127.8,129.3 1 0
github.com/jamesainslie/terraform-provider-dotfiles/internal/provider/provider.go:131.2,131.36 1 0
github.com/jamesainslie/terraform-provider-dotfiles/internal/provider/provider.go:131.36,133.3 1 0
github.com/jamesainslie/terraform-provider-dotfiles/internal/provider/provider.go:133.8,135.17 2 0
github.com/jamesainslie/terraform-provider-dotfiles/internal/provider/provider.go:135.17,141.4 2 0
github.com/jamesainslie/terraform-provider-dotfiles/internal/provider/provider.go:142.3,142.71 1 0
github.com/jamesainslie/terraform-provider-dotfiles/internal/provider/provider.go:145.2,145.29 1 0
github.com/jamesainslie/terraform-provider-dotfiles/internal/provider/provider.go:145.29,147.3 1 0
github.com/jamesainslie/terraform-provider-dotfiles/internal/provider/provider.go:147.8,149.3 1 0
github.com/jamesainslie/terraform-provider-dotfiles/internal/provider/provider.go:151.2,151.39 1 0
github.com/jamesainslie/terraform-provider-dotfiles/internal/provider/provider.go:151.39,153.3 1 0
github.com/jamesainslie/terraform-provider-dotfiles/internal/provider/provider.go:153.8,155.3 1 0
github.com/jamesainslie/terraform-provider-dotfiles/internal/provider/provider.go:157.2,157.27 1 0
github.com/jamesainslie/terraform-provider-dotfiles/internal/provider/provider.go:157.27,159.3 1 0
github.com/jamesainslie/terraform-provider-dotfiles/internal/provider/provider.go:159.8,161.3 1 0
github.com/jamesainslie/terraform-provider-dotfiles/internal/provider/provider.go:163.2,163.39 1 0
github.com/jamesainslie/terraform-provider-dotfiles/internal/provider/provider.go:163.39,165.3 1 0
github.com/jamesainslie/terraform-provider-dotfiles/internal/provider/provider.go:165.8,167.3 1 0
github.com/jamesainslie/terraform-provider-dotfiles/internal/provider/provider.go:169.2,169.35 1 0
github.com/jamesainslie/terraform-provider-dotfiles/internal/provider/provider.go:169.35,171.3 1 0
github.com/jamesainslie/terraform-provider-dotfiles/internal/provider/provider.go:171.8,173.3 1 0
github.com/jamesainslie/terraform-provider-dotfiles/internal/provider/provider.go:175.2,175.35 1 0
github.com/jamesainslie/terraform-provider-dotfiles/internal/provider/provider.go:175.35,177.3 1 0
github.com/jamesainslie/terraform-provider-dotfiles/internal/provider/provider.go:177.8,179.3 1 0
github.com/jamesainslie/terraform-provider-dotfiles/internal/provider/provider.go:181.2,181.29 1 0
github.com/jamesainslie/terraform-provider-dotfiles/internal/provider/provider.go:181.29,183.3 1 0
github.com/jamesainslie/terraform-provider-dotfiles/internal/provider/provider.go:183.8,185.3 1 0
github.com/jamesainslie/terraform-provider-dotfiles/internal/provider/provider.go:188.2,188.42 1 0
github.com/jamesainslie/terraform-provider-dotfiles/internal/provider/provider.go:188.42,194.3 2 0
github.com/jamesainslie/terraform-provider-dotfiles/internal/provider/provider.go:197.2,198.16 2 0
github.com/jamesainslie/terraform-provider-dotfiles/internal/provider/provider.go:198.16,204.3 2 0
github.com/jamesainslie/terraform-provider-dotfiles/internal/provider/provider.go:206.2,215.28 3 0
github.com/jamesainslie/terraform-provider-dotfiles/internal/provider/provider.go:218.86,225.2 1 1
github.com/jamesainslie/terraform-provider-dotfiles/internal/provider/provider.go:227.105,231.2 1 1
github.com/jamesainslie/terraform-provider-dotfiles/internal/provider/provider.go:233.92,238.2 1 1
github.com/jamesainslie/terraform-provider-dotfiles/internal/provider/provider.go:240.86,244.2 1 1
github.com/jamesainslie/terraform-provider-dotfiles/internal/provider/provider.go:246.51,247.34 1 1
github.com/jamesainslie/terraform-provider-dotfiles/internal/provider/provider.go:247.34,251.3 1 1
github.com/jamesainslie/terraform-provider-dotfiles/internal/provider/repository_resource.go:24.48,26.2 1 1
github.com/jamesainslie/terraform-provider-dotfiles/internal/provider/repository_resource.go:57.123,59.2 1 1
github.com/jamesainslie/terraform-provider-dotfiles/internal/provider/repository_resource.go:61.117,137.2 1 1
github.com/jamesainslie/terraform-provider-dotfiles/internal/provider/repository_resource.go:139.126,140.29 1 1
github.com/jamesainslie/terraform-provider-dotfiles/internal/provider/repository_resource.go:140.29,142.3 1 1
github.com/jamesainslie/terraform-provider-dotfiles/internal/provider/repository_resource.go:144.2,145.9 2 1
github.com/jamesainslie/terraform-provider-dotfiles/internal/provider/repository_resource.go:145.9,151.3 2 1
github.com/jamesainslie/terraform-provider-dotfiles/internal/provider/repository_resource.go:153.2,153.19 1 1
github.com/jamesainslie/terraform-provider-dotfiles/internal/provider/repository_resource.go:156.117,160.33 3 0
github.com/jamesainslie/terraform-provider-dotfiles/internal/provider/repository_resource.go:160.33,162.3 1 0
github.com/jamesainslie/terraform-provider-dotfiles/internal/provider/repository_resource.go:164.2,172.30 3 0
github.com/jamesainslie/terraform-provider-dotfiles/internal/provider/repository_resource.go:172.30,175.17 2 0
github.com/jamesainslie/terraform-provider-dotfiles/internal/provider/repository_resource.go:175.17,181.4 2 0
github.com/jamesainslie/terraform-provider-dotfiles/internal/provider/repository_resource.go:184.3,192.5 4 0
github.com/jamesainslie/terraform-provider-dotfiles/internal/provider/repository_resource.go:193.8,196.17 2 0
github.com/jamesainslie/terraform-provider-dotfiles/internal/provider/repository_resource.go:196.17,202.4 2 0
github.com/jamesainslie/terraform-provider-dotfiles/internal/provider/repository_resource.go:204.3,209.5 3 0
github.com/jamesainslie/terraform-provider-dotfiles/internal/provider/repository_resource.go:213.2,214.56 2 0
github.com/jamesainslie/terraform-provider-dotfiles/internal/provider/repository_resource.go:217.111,221.33 3 0
github.com/jamesainslie/terraform-provider-dotfiles/internal/provider/repository_resource.go:221.33,223.3 1 0
github.com/jamesainslie/terraform-provider-dotfiles/internal/provider/repository_resource.go:225.2,231.30 3 0
github.com/jamesainslie/terraform-provider-dotfiles/internal/provider/repository_resource.go:231.30,233.31 1 0
github.com/jamesainslie/terraform-provider-dotfiles/internal/provider/repository_resource.go:233.31,237.48 2 0
github.com/jamesainslie/terraform-provider-dotfiles/internal/provider/repository_resource.go:237.48,241.19 3 0
github.com/jamesainslie/terraform-provider-dotfiles/internal/provider/repository_resource.go:241.19,245.6 1 0
github.com/jamesainslie/terraform-provider-dotfiles/internal/provider/repository_resource.go:245.11,247.20 2 0
github.com/jamesainslie/terraform-provider-dotfiles/internal/provider/repository_resource.go:247.20,251.7 2 0
github.com/jamesainslie/terraform-provider-dotfiles/internal/provider/repository_resource.go:251.12,255.7 1 0
github.com/jamesainslie/terraform-provider-dotfiles/internal/provider/repository_resource.go:257.10,262.5 1 0
github.com/jamesainslie/terraform-provider-dotfiles/internal/provider/repository_resource.go:264.8,267.22 2 0
github.com/jamesainslie/terraform-provider-dotfiles/internal/provider/repository_resource.go:267.22,269.4 1 0
github.com/jamesainslie/terraform-provider-dotfiles/internal/provider/repository_resource.go:271.3,271.55 1 0
github.com/jamesainslie/terraform-provider-dotfiles/internal/provider/repository_resource.go:271.55,276.4 1 0
github.com/jamesainslie/terraform-provider-dotfiles/internal/provider/repository_resource.go:279.2,279.56 1 0
github.com/jamesainslie/terraform-provider-dotfiles/internal/provider/repository_resource.go:282.117,286.33 3 0
github.com/jamesainslie/terraform-provider-dotfiles/internal/provider/repository_resource.go:286.33,288.3 1 0
github.com/jamesainslie/terraform-provider-dotfiles/internal/provider/repository_resource.go:290.2,297.30 3 0
github.com/jamesainslie/terraform-provider-dotfiles/internal/provider/repository_resource.go:297.30,299.31 1 0
github.com/jamesainslie/terraform-provider-dotfiles/internal/provider/repository_resource.go:299.31,303.48 2 0
github.com/jamesainslie/terraform-provider-dotfiles/internal/provider/repository_resource.go:303.48,307.19 3 0
github.com/jamesainslie/terraform-provider-dotfiles/internal/provider/repository_resource.go:307.19,313.6 2 0
github.com/jamesainslie/terraform-provider-dotfiles/internal/provider/repository_resource.go:315.5,316.19 2 0
github.com/jamesainslie/terraform-provider-dotfiles/internal/provider/repository_resource.go:316.19,322.6 2 0
github.com/jamesainslie/terraform-provider-dotfiles/internal/provider/repository_resource.go:325.5,331.7 3 0
github.com/jamesainslie/terraform-provider-dotfiles/internal/provider/repository_resource.go:332.10,339.19 3 0
github.com/jamesainslie/terraform-provider-dotfiles/internal/provider/repository_resource.go:339.19,345.6 2 0
github.com/jamesainslie/terraform-provider-dotfiles/internal/provider/repository_resource.go:348.5,350.78 3 0
github.com/jamesainslie/terraform-provider-dotfiles/internal/provider/repository_resource.go:352.9,355.18 2 0
github.com/jamesainslie/terraform-provider-dotfiles/internal/provider/repository_resource.go:355.18,361.5 2 0
github.com/jamesainslie/terraform-provider-dotfiles/internal/provider/repository_resource.go:364.4,366.77 3 0
github.com/jamesainslie/terraform-provider-dotfiles/internal/provider/repository_resource.go:368.8,371.17 2 0
github.com/jamesainslie/terraform-provider-dotfiles/internal/provider/repository_resource.go:371.17,377.4 2 0
github.com/jamesainslie/terraform-provider-dotfiles/internal/provider/repository_resource.go:379.3,380.71 2 0
github.com/jamesainslie/terraform-provider-dotfiles/internal/provider/repository_resource.go:383.2,383.56 1 0
github.com/jamesainslie/terraform-provider-dotfiles/internal/provider/repository_resource.go:386.117,390.33 3 0
github.com/jamesainslie/terraform-provider-dotfiles/internal/provider/repository_resource.go:390.33,392.3 1 0
github.com/jamesainslie/terraform-provider-dotfiles/internal/provider/repository_resource.go:394.2,402.4 2 0
github.com/jamesainslie/terraform-provider-dotfiles/internal/provider/repository_resource.go:406.130,413.43 3 0
github.com/jamesainslie/terraform-provider-dotfiles/internal/provider/repository_resource.go:413.43,415.33 2 0
github.com/jamesainslie/terraform-provider-dotfiles/internal/provider/repository_resource.go:415.33,417.4 1 0
github.com/jamesainslie/terraform-provider-dotfiles/internal/provider/repository_resource.go:421.2,421.41 1 0
github.com/jamesainslie/terraform-provider-dotfiles/internal/provider/repository_resource.go:421.41,423.38 2 0
github.com/jamesainslie/terraform-provider-dotfiles/internal/provider/repository_resource.go:423.38,425.4 1 0
github.com/jamesainslie/terraform-provider-dotfiles/internal/provider/repository_resource.go:429.2,429.42 1 0
github.com/jamesainslie/terraform-provider-dotfiles/internal/provider/repository_resource.go:429.42,430.56 1 0
github.com/jamesainslie/terraform-provider-dotfiles/internal/provider/repository_resource.go:430.56,433.4 2 0
github.com/jamesainslie/terraform-provider-dotfiles/internal/provider/repository_resource.go:433.9,433.59 1 0
github.com/jamesainslie/terraform-provider-dotfiles/internal/provider/repository_resource.go:433.59,436.4 2 0
github.com/jamesainslie/terraform-provider-dotfiles/internal/provider/repository_resource.go:440.2,441.16 2 0
github.com/jamesainslie/terraform-provider-dotfiles/internal/provider/repository_resource.go:441.16,443.3 1 0
github.com/jamesainslie/terraform-provider-dotfiles/internal/provider/repository_resource.go:446.2,448.16 3 0
github.com/jamesainslie/terraform-provider-dotfiles/internal/provider/repository_resource.go:448.16,450.3 1 0
github.com/jamesainslie/terraform-provider-dotfiles/internal/provider/repository_resource.go:453.2,453.46 1 0
github.com/jamesainslie/terraform-provider-dotfiles/internal/provider/repository_resource.go:453.46,460.17 3 0
github.com/jamesainslie/terraform-provider-dotfiles/internal/provider/repository_resource.go:460.17,466.50 2 0
github.com/jamesainslie/terraform-provider-dotfiles/internal/provider/repository_resource.go:466.50,468.5 1 0
github.com/jamesainslie/terraform-provider-dotfiles/internal/provider/repository_resource.go:469.9,471.4 1 0
github.com/jamesainslie/terraform-provider-dotfiles/internal/provider/repository_resource.go:475.2,476.30 2 0
github.com/jamesainslie/terraform-provider-dotfiles/internal/provider/repository_resource.go:476.30,478.3 1 0
github.com/jamesainslie/terraform-provider-dotfiles/internal/provider/repository_resource.go:480.2,487.16 3 0
github.com/jamesainslie/terraform-provider-dotfiles/internal/provider/repository_resource.go:487.16,489.3 1 0
github.com/jamesainslie/terraform-provider-dotfiles/internal/provider/repository_resource.go:491.2,491.18 1 0
github.com/jamesainslie/terraform-provider-dotfiles/internal/provider/repository_resource.go:495.109,499.26 2 1
github.com/jamesainslie/terraform-provider-dotfiles/internal/provider/repository_resource.go:499.26,501.3 1 1
github.com/jamesainslie/terraform-provider-dotfiles/internal/provider/repository_resource.go:504.2,505.16 2 1
github.com/jamesainslie/terraform-provider-dotfiles/internal/provider/repository_resource.go:505.16,507.3 1 0
github.com/jamesainslie/terraform-provider-dotfiles/internal/provider/repository_resource.go:510.2,510.52 1 1
github.com/jamesainslie/terraform-provider-dotfiles/internal/provider/repository_resource.go:510.52,512.3 1 1
github.com/jamesainslie/terraform-provider-dotfiles/internal/provider/repository_resource.go:515.2,516.16 2 1
github.com/jamesainslie/terraform-provider-dotfiles/internal/provider/repository_resource.go:516.16,518.3 1 0
github.com/jamesainslie/terraform-provider-dotfiles/internal/provider/repository_resource.go:520.2,520.19 1 1
github.com/jamesainslie/terraform-provider-dotfiles/internal/provider/repository_resource.go:520.19,522.3 1 1
github.com/jamesainslie/terraform-provider-dotfiles/internal/provider/repository_resource.go:524.2,532.12 3 1
github.com/jamesainslie/terraform-provider-dotfiles/internal/provider/repository_resource.go:536.93,540.43 2 1
github.com/jamesainslie/terraform-provider-dotfiles/internal/provider/repository_resource.go:540.43,542.33 2 1
github.com/jamesainslie/terraform-provider-dotfiles/internal/provider/repository_resource.go:542.33,544.4 1 1
github.com/jamesainslie/terraform-provider-dotfiles/internal/provider/repository_resource.go:548.2,548.41 1 1
github.com/jamesainslie/terraform-provider-dotfiles/internal/provider/repository_resource.go:548.41,550.38 2 1
github.com/jamesainslie/terraform-provider-dotfiles/internal/provider/repository_resource.go:550.38,552.4 1 1
github.com/jamesainslie/terraform-provider-dotfiles/internal/provider/repository_resource.go:556.2,556.42 1 1
github.com/jamesainslie/terraform-provider-dotfiles/internal/provider/repository_resource.go:556.42,557.56 1 1
github.com/jamesainslie/terraform-provider-dotfiles/internal/provider/repository_resource.go:557.56,559.4 1 0
github.com/jamesainslie/terraform-provider-dotfiles/internal/provider/repository_resource.go:559.9,559.59 1 1
github.com/jamesainslie/terraform-provider-dotfiles/internal/provider/repository_resource.go:559.59,561.4 1 0
github.com/jamesainslie/terraform-provider-dotfiles/internal/provider/repository_resource.go:564.2,564.19 1 1
github.com/jamesainslie/terraform-provider-dotfiles/internal/provider/symlink_resource.go:16.45,18.2 1 1
github.com/jamesainslie/terraform-provider-dotfiles/internal/provider/symlink_resource.go:34.120,36.2 1 1
github.com/jamesainslie/terraform-provider-dotfiles/internal/provider/symlink_resource.go:38.114,72.2 1 1
github.com/jamesainslie/terraform-provider-dotfiles/internal/provider/symlink_resource.go:74.123,75.29 1 1
github.com/jamesainslie/terraform-provider-dotfiles/internal/provider/symlink_resource.go:75.29,77.3 1 1
github.com/jamesainslie/terraform-provider-dotfiles/internal/provider/symlink_resource.go:79.2,80.9 2 1
github.com/jamesainslie/terraform-provider-dotfiles/internal/provider/symlink_resource.go:80.9,86.3 2 1
github.com/jamesainslie/terraform-provider-dotfiles/internal/provider/symlink_resource.go:88.2,88.19 1 1
github.com/jamesainslie/terraform-provider-dotfiles/internal/provider/symlink_resource.go:91.114,94.33 3 0
github.com/jamesainslie/terraform-provider-dotfiles/internal/provider/symlink_resource.go:94.33,96.3 1 0
github.com/jamesainslie/terraform-provider-dotfiles/internal/provider/symlink_resource.go:98.2,99.56 2 0
github.com/jamesainslie/terraform-provider-dotfiles/internal/provider/symlink_resource.go:102.108,105.33 3 0
github.com/jamesainslie/terraform-provider-dotfiles/internal/provider/symlink_resource.go:105.33,107.3 1 0
github.com/jamesainslie/terraform-provider-dotfiles/internal/provider/symlink_resource.go:108.2,108.56 1 0
github.com/jamesainslie/terraform-provider-dotfiles/internal/provider/symlink_resource.go:111.114,114.33 3 0
github.com/jamesainslie/terraform-provider-dotfiles/internal/provider/symlink_resource.go:114.33,116.3 1 0
github.com/jamesainslie/terraform-provider-dotfiles/internal/provider/symlink_resource.go:117.2,117.56 1 0
github.com/jamesainslie/terraform-provider-dotfiles/internal/provider/symlink_resource.go:120.115,122.2 0 0
github.com/jamesainslie/terraform-provider-dotfiles/internal/provider/system_data_source.go:16.50,18.2 1 1
github.com/jamesainslie/terraform-provider-dotfiles/internal/provider/system_data_source.go:32.125,34.2 1 1
github.com/jamesainslie/terraform-provider-dotfiles/internal/provider/system_data_source.go:36.119,62.2 1 1
github.com/jamesainslie/terraform-provider-dotfiles/internal/provider/system_data_source.go:64.128,65.29 1 1
github.com/jamesainslie/terraform-provider-dotfiles/internal/provider/system_data_source.go:65.29,67.3 1 1
github.com/jamesainslie/terraform-provider-dotfiles/internal/provider/system_data_source.go:68.2,69.9 2 1
github.com/jamesainslie/terraform-provider-dotfiles/internal/provider/system_data_source.go:69.9,72.3 2 1
github.com/jamesainslie/terraform-provider-dotfiles/internal/provider/system_data_source.go:73.2,73.19 1 1
github.com/jamesainslie/terraform-provider-dotfiles/internal/provider/system_data_source.go:76.113,86.2 7 0
